ℹ️ found bin NILLION_DEVNET     -> [/root/.nilup/sdks/latest/nillion-devnet]
ℹ️ found bin NILLION_CLI        -> [/root/.nilup/sdks/latest/nillion]
--------------------
Updating your .env files with nillion-devnet environment info... This may take a minute.
--------------------
✔️cluster is running, bootnode is at /ip4/127.0.0.1/tcp/37939/p2p/12D3KooWMvw1hEqm7EWSDEyqTb6pNetUVkepahKY6hixuAuMZfJS
ℹ️ Cluster has been STARTED (see /tmp/tmp.nRVESVGQI2)
ℹ️cluster id is 9e68173f-9c23-4acc-ba81-4f079b639964
ℹ️using 256 bit prime
ℹ️storing state in /tmp/.tmp8HOo1S (79.93Gbs available)
⛓️starting blockchain node...
✔️blockchain node running on endpoint http://localhost:61391
🏃starting node 12D3KooWMvw1hEqm7EWSDEyqTb6pNetUVkepahKY6hixuAuMZfJS
⏳waiting until bootnode is up...
🏃starting node 12D3KooWAiwGZUwSUaT2bYVxGS8jmfMrfsanZYkHwH3uL7WJPsFq
🏃starting node 12D3KooWM3hsAswc7ZT6VpwQ1TCZU4GCYY55nLhcsxCcfjuixW57
🎁wallet keys written to /tmp/.tmp8HOo1S/private-keys.txt
📝payments configuration written to /tmp/.tmp8HOo1S/payments-config.yaml
🥾bootnode config written to /tmp/.tmp8HOo1S/bootnode.yaml
📝configuration written to /root/.config/nillion/config.yaml
✔️cluster is running, bootnode is at /ip4/127.0.0.1/tcp/37939/p2p/12D3KooWMvw1hEqm7EWSDEyqTb6pNetUVkepahKY6hixuAuMZfJS
🔗websocket: /ip4/127.0.0.1/tcp/54936/ws/p2p/12D3KooWMvw1hEqm7EWSDEyqTb6pNetUVkepahKY6hixuAuMZfJS
Generating node key
Saving node key to /tmp/tmp.L6akwgLSk9
Generating node key
Saving node key to /tmp/tmp.tsMJyW9Sq2
Generating node key
Saving node key to /tmp/tmp.bUDcaD6NPa
Generating node key
Saving node key to /tmp/tmp.8TOdGpCcOb
Generating node key
Saving node key to /tmp/tmp.pxUr4hwBJD
Generating user key
Saving user key to /tmp/tmp.6IcyMqbZCP
Generating user key
Saving user key to /tmp/tmp.U5mEyJy1zs
Generating user key
Saving user key to /tmp/tmp.6z4JrZDFml
Generating user key
Saving user key to /tmp/tmp.e4mR3FY163
Generating user key
Saving user key to /tmp/tmp.exkYfuFIIB
🔑 Node key and user keys have been generated and added to .env
Running at process pid: 2955
-------------------------------------------------------
                   7MM   7MM                           
                    MM    MM                           
              db    MM    MM    db                     
                    MM    MM                           
.7MMpMMMb.   7MM    MM    MM   7MM  ,pW-Wq. 7MMpMMMb.  
  MM    MM    MM    MM    MM    MM 6W'    Wb MM    MM  
  MM    MM    MM    MM    MM    MM 8M     M8 MM    MM  
  MM    MM    MM    MM    MM    MM YA.   ,A9 MM    MM  
.JMML  JMML..JMML..JMML..JMML..JMML. Ybmd9 .JMML  JMML.
-------------------------------------------------------
-------------------------------------------------------
-----------🦆 CONNECTED TO NILLION-DEVNET 🦆-----------
-------------------------------------------------------
ℹ️ Your .env file configurations were updated with nillion-devnet connection variables: websocket, cluster id, keys, blockchain info
💻 The Nillion devnet is still running behind the scenes; to spin down the Nillion devnet at any time, run 'killall nillion-devnet'
--------------------
💻 Your Nillion local cluster is still running - process pid: 2955
ℹ️  Updated your .env file configuration variables: bootnode, cluster id, keys, blockchain info
[2024-06-25T15:57:21Z ERROR node::managers::coordination::handlers] Failed to update commit offset: executing query: error returned from database: (code: 1) no such table: preprocessing_offsets
[2024-06-25T15:57:22Z ERROR node::managers::coordination::handlers] Failed to update commit offset: executing query: error returned from database: (code: 1) no such table: preprocessing_offsets
[2024-06-25T15:57:22Z ERROR node::managers::coordination::handlers] Failed to update commit offset: executing query: error returned from database: (code: 1) no such table: preprocessing_offsets
[2024-06-25T15:58:00Z ERROR node::managers::compute::handlers::compute] Failed to process message: task StoreProgramCompute<a9aac89c-ac2b-4a64-a38d-a7a2f4dd1fd7> not found
[2024-06-25T15:58:00Z ERROR node::managers::compute::handlers::compute] Failed to process message: task StoreProgramCompute<a9aac89c-ac2b-4a64-a38d-a7a2f4dd1fd7> not found
[2024-06-25T15:58:01Z ERROR node::managers::coordination::handlers] Failed to update commit offset: executing query: error returned from database: (code: 1) no such table: preprocessing_offsets
[2024-06-25T15:58:02Z ERROR node::managers::coordination::handlers] Failed to update commit offset: executing query: error returned from database: (code: 1) no such table: preprocessing_offsets
[2024-06-25T15:58:20Z ERROR node::managers::compute::handlers::compute] Failed to process message: task StoreProgramCompute<a9aac89c-ac2b-4a64-a38d-a7a2f4dd1fd7> not found
[2024-06-25T15:58:20Z ERROR node::managers::compute::handlers::compute] Failed to process message: task StoreProgramCompute<a9aac89c-ac2b-4a64-a38d-a7a2f4dd1fd7> not found
[2024-06-25T15:58:54Z ERROR p2p_transport::p2p] All retries from HandleWithResponseAndRetry failed for message: SendTransportMessage { receiver: 12D3KooWRvRegnAHYr3LeU398ts4puco4iVqrFFqUBcEhpJmWmfh, payload: <omit> error: None }
ℹ️ found bin NILLION_DEVNET     -> [/root/.nilup/sdks/latest/nillion-devnet]
ℹ️ found bin NILLION_CLI        -> [/root/.nilup/sdks/latest/nillion]
--------------------
Updating your .env files with nillion-devnet environment info... This may take a minute.
--------------------
Error: Address already in use (os error 98)

Location:
    /home/runner/work/foundry/foundry/crates/anvil/src/cmd.rs:278:33
thread 'main' panicked at libs/blockchain-utils/src/anvil.rs:152:36:
Timed out waiting for anvil to start. Is anvil installed?
note: run with `RUST_BACKTRACE=1` environment variable to display a backtrace
Timeout reached while waiting for cluster to be ready in '/tmp/tmp.M0UOcPcP7E'
